<?xml version="1.0" encoding="UTF-8"?>
<!-- Generated by org.testng.reporters.JUnitReportReporter -->
<testsuite skipped="0" hostname="DESKTOP-MNHHF5Q" name="com.orangehrm.practice.login" tests="1" failures="0" timestamp="2020-04-19T11:19:49 IST" time="0.208" errors="0">
  <testcase name="loginTest" time="0.208" classname="com.orangehrm.practice.login"/>
  <system-out/>
</testsuite> <!-- com.orangehrm.practice.login -->
